root@5cb06fb556c4:/# uname -a
Linux 5cb06fb556c4 4.4.0-1060-aws #69-Ubuntu SMP Sun May 20 13:42:07 UTC 2018 x86_64 x86_64 x86_64 GNU/Linux

root@5cb06fb556c4:/# lshw
5cb06fb556c4
    description: Computer
    width: 64 bits
    capabilities: vsyscall32
  *-core
       description: Motherboard
       physical id: 0
     *-memory
          description: System memory
          physical id: 0
          size: 3762MiB
     *-cpu
          product: Intel(R) Xeon(R) CPU E5-2670 v2 @ 2.50GHz
          vendor: Intel Corp.
          physical id: 1
          bus info: cpu@0
          width: 64 bits
          capabilities: fpu fpu_exception wp vme de pse tsc msr pae mce cx8 apic sep mtrr pge mca cmov pat pse36 clflush mmx fxsr sse sse2 ht syscall nx rdtscp x86-64 constant_tsc rep_good nopl xtopology eagerfpu pni pclmulqdq ssse3 cx16 pcid sse4_1 sse4_2 x2apic popcnt tsc_deadline_timer aes xsave avx f16c rdrand hypervisor lahf_lm kaiser fsgsbase smep erms xsaveopt
     *-pci
          description: Host bridge
          product: 440FX - 82441FX PMC [Natoma]
          vendor: Intel Corporation
          physical id: 100
          bus info: pci@0000:00:00.0
          version: 02
          width: 32 bits
          clock: 33MHz
        *-isa
             description: ISA bridge
             product: 82371SB PIIX3 ISA [Natoma/Triton II]
             vendor: Intel Corporation
             physical id: 1
             bus info: pci@0000:00:01.0
             version: 00
             width: 32 bits
             clock: 33MHz
             capabilities: isa bus_master
             configuration: latency=0
        *-ide
             description: IDE interface
             product: 82371SB PIIX3 IDE [Natoma/Triton II]
             vendor: Intel Corporation
             physical id: 1.1
             bus info: pci@0000:00:01.1
             version: 00
             width: 32 bits
             clock: 33MHz
             capabilities: ide isa_compatibility_mode-only_controller__supports_bus_mastering bus_master
             configuration: driver=ata_piix latency=64
             resources: irq:0 ioport:1f0(size=8) ioport:3f6 ioport:170(size=8) ioport:376 ioport:c100(size=16)
        *-bridge UNCLAIMED
             description: Bridge
             product: 82371AB/EB/MB PIIX4 ACPI
             vendor: Intel Corporation
             physical id: 1.3
             bus info: pci@0000:00:01.3
             version: 01
             width: 32 bits
             clock: 33MHz
             capabilities: bridge bus_master
             configuration: latency=0
        *-display UNCLAIMED
             description: VGA compatible controller
             product: GD 5446
             vendor: Cirrus Logic
             physical id: 2
             bus info: pci@0000:00:02.0
             version: 00
             width: 32 bits
             clock: 33MHz
             capabilities: vga_controller bus_master
             configuration: latency=0
             resources: memory:f0000000-f1ffffff memory:f3000000-f3000fff
        *-generic
             description: Unassigned class
             product: Xen Platform Device
             vendor: XenSource, Inc.
             physical id: 3
             bus info: pci@0000:00:03.0
             version: 01
             width: 32 bits
             clock: 33MHz
             capabilities: bus_master
             configuration: driver=xen-platform-pci latency=0
             resources: irq:28 ioport:c000(size=256) memory:f2000000-f2ffffff
  *-network
       description: Ethernet interface
       physical id: 1
       logical name: eth0
       serial: 02:42:ac:11:00:03
       size: 10Gbit/s
       capabilities: ethernet physical
       configuration: autonegotiation=off broadcast=yes driver=veth driverversion=1.0 duplex=full ip=172.17.0.3 link=yes multicast=yes port=twisted pair speed=10Gbit/s

root@5cb06fb556c4:/# lscpu
Architecture:        x86_64
CPU op-mode(s):      32-bit, 64-bit
Byte Order:          Little Endian
CPU(s):              1
On-line CPU(s) list: 0
Thread(s) per core:  1
Core(s) per socket:  1
Socket(s):           1
NUMA node(s):        1
Vendor ID:           GenuineIntel
CPU family:          6
Model:               62
Model name:          Intel(R) Xeon(R) CPU E5-2670 v2 @ 2.50GHz
Stepping:            4
CPU MHz:             2500.068
BogoMIPS:            5000.13
Hypervisor vendor:   Xen
Virtualization type: full
L1d cache:           32K
L1i cache:           32K
L2 cache:            256K
L3 cache:            25600K
NUMA node0 CPU(s):   0
Flags:               fpu vme de pse tsc msr pae mce cx8 apic sep mtrr pge mca cmov pat pse36 clflush mmx fxsr sse sse2 ht syscall nx rdtscp lm constant_tsc rep_good nopl xtopology eagerfpu pni pclmulqdq ssse3 cx16 pcid sse4_1 sse4_2 x2apic popcnt tsc_deadline_timer aes xsave avx f16c rdrand hypervisor lahf_lm kaiser fsgsbase smep erms xsaveopt

root@5cb06fb556c4:/# lsblk -a
NAME    MAJ:MIN RM SIZE RO TYPE MOUNTPOINT
loop0     7:0    0       0 loop
loop1     7:1    0       0 loop
loop2     7:2    0       0 loop
loop3     7:3    0       0 loop
loop4     7:4    0       0 loop
loop5     7:5    0       0 loop
loop6     7:6    0       0 loop
loop7     7:7    0       0 loop
xvda    202:0    0  40G  0 disk
`-xvda1 202:1    0  40G  0 part /etc/hosts
xvdb    202:16   0   4G  0 disk

root@5cb06fb556c4:/# lsusb

root@5cb06fb556c4:/# lspci
00:00.0 Host bridge: Intel Corporation 440FX - 82441FX PMC [Natoma] (rev 02)
00:01.0 ISA bridge: Intel Corporation 82371SB PIIX3 ISA [Natoma/Triton II]
00:01.1 IDE interface: Intel Corporation 82371SB PIIX3 IDE [Natoma/Triton II]
00:01.3 Bridge: Intel Corporation 82371AB/EB/MB PIIX4 ACPI (rev 01)
00:02.0 VGA compatible controller: Cirrus Logic GD 5446
00:03.0 Unassigned class [ff80]: XenSource, Inc. Xen Platform Device (rev 01)

root@5cb06fb556c4:/# lsscsi

root@5cb06fb556c4:/# fdisk -l

root@5cb06fb556c4:/# speedtest-cli
Retrieving speedtest.net configuration...
Testing from Amazon.com (3.90.173.96)...
Retrieving speedtest.net server list...
Selecting best server based on ping...
Hosted by BroadAspect (Ashburn, VA) [0.98 km]: 3.822 ms
Testing download speed................................................................................
Download: 379.79 Mbit/s
Testing upload speed......................................................................................................
Upload: 4.13 Mbit/s
